2025-06-26 13:53:58,781 [INFO] root: Backend logger initialized. Logging to H:\My Drive\kpp force calc\simulation.log
2025-06-26 13:53:58,790 [INFO] simulation.pneumatics.thermodynamics: ThermodynamicProperties initialized
2025-06-26 13:53:58,790 [INFO] simulation.pneumatics.thermodynamics: ThermodynamicProperties initialized
2025-06-26 13:53:58,797 [INFO] simulation.pneumatics.thermodynamics: CompressionThermodynamics initialized
2025-06-26 13:53:58,797 [INFO] simulation.pneumatics.thermodynamics: ThermodynamicProperties initialized
2025-06-26 13:53:58,797 [INFO] simulation.pneumatics.thermodynamics: ExpansionThermodynamics initialized (water temp: 293.1K)
2025-06-26 13:53:58,797 [INFO] simulation.pneumatics.thermodynamics: ThermodynamicProperties initialized
2025-06-26 13:53:58,797 [INFO] simulation.pneumatics.thermodynamics: ThermalBuoyancyCalculator initialized
2025-06-26 13:53:58,797 [INFO] simulation.pneumatics.thermodynamics: ThermodynamicProperties initialized
2025-06-26 13:53:58,805 [INFO] simulation.pneumatics.thermodynamics: ThermodynamicProperties initialized
2025-06-26 13:53:58,805 [INFO] simulation.pneumatics.thermodynamics: CompressionThermodynamics initialized
2025-06-26 13:53:58,805 [INFO] simulation.pneumatics.thermodynamics: ThermodynamicProperties initialized
2025-06-26 13:53:58,805 [INFO] simulation.pneumatics.thermodynamics: ExpansionThermodynamics initialized (water temp: 293.1K)
2025-06-26 13:53:58,805 [INFO] simulation.pneumatics.thermodynamics: ThermodynamicProperties initialized
2025-06-26 13:53:58,805 [INFO] simulation.pneumatics.thermodynamics: ThermalBuoyancyCalculator initialized
2025-06-26 13:53:58,805 [INFO] simulation.pneumatics.thermodynamics: AdvancedThermodynamics initialized (water: 293.1K, mode: mixed)
2025-06-26 13:53:59,018 [INFO] simulation.pneumatics.heat_exchange: HeatTransferCoefficients initialized
2025-06-26 13:53:59,018 [INFO] simulation.pneumatics.heat_exchange: Air-water heat exchange initialized (area: 0.50 m˛)
2025-06-26 13:53:59,033 [INFO] simulation.pneumatics.heat_exchange: HeatTransferCoefficients initialized
2025-06-26 13:53:59,033 [INFO] simulation.pneumatics.heat_exchange: Compression heat recovery initialized
2025-06-26 13:53:59,033 [INFO] simulation.pneumatics.heat_exchange: Integrated heat exchange system initialized
2025-06-26 13:53:59,049 [INFO] simulation.components.pneumatics: Phase 5 thermodynamics enabled: water=293.1K, mode=mixed
2025-06-26 13:53:59,065 [INFO] simulation.components.pneumatics: PneumaticSystem initialized: pressure=5.0 bar, volume=0.1 m^3
2025-06-26 13:53:59,065 [INFO] simulation.components.gearbox: Created KPP gearbox with overall ratio: 39.4:1, efficiency: 0.885
2025-06-26 13:53:59,065 [INFO] simulation.components.integrated_drivetrain: Created standard KPP drivetrain: gear_ratio=39.4:1, flywheel_inertia=500kg·m˛, target_speed=375RPM
2025-06-26 13:53:59,065 [INFO] simulation.components.advanced_generator: Advanced generator initialized: 530kW, 375.0RPM, 4 pole pairs
2025-06-26 13:53:59,080 [INFO] simulation.components.advanced_generator: Created KMP generator: 530kW, 375.0RPM
2025-06-26 13:53:59,330 [INFO] simulation.components.power_electronics: Grid interface initialized: 13.8kV, 50.0Hz
2025-06-26 13:53:59,330 [INFO] simulation.components.power_electronics: Created KMP power electronics and grid interface systems
2025-06-26 13:53:59,346 [INFO] simulation.components.integrated_electrical_system: Integrated electrical system initialized: 530kW rated
2025-06-26 13:53:59,346 [INFO] simulation.components.integrated_electrical_system: Created standard KMP electrical system: 530kW
2025-06-26 13:53:59,346 [INFO] simulation.control.timing_controller: TimingController initialized with 8 floaters
2025-06-26 13:53:59,361 [INFO] simulation.control.load_manager: LoadManager initialized: target=530.0kW, tolerance=5.0%
2025-06-26 13:53:59,361 [INFO] simulation.control.grid_stability_controller: GridStabilityController initialized: 530.0kW, 480.0V, 60.0Hz
2025-06-26 13:53:59,377 [INFO] simulation.control.fault_detector: FaultDetector initialized with 6 detection algorithms
2025-06-26 13:53:59,377 [INFO] simulation.control.integrated_control_system: IntegratedControlSystem initialized with 6 control priorities
2025-06-26 13:53:59,393 [INFO] simulation.physics.losses: DrivetrainLosses initialized with comprehensive loss modeling
2025-06-26 13:53:59,393 [INFO] simulation.physics.losses: ElectricalLosses initialized
2025-06-26 13:53:59,408 [INFO] simulation.physics.thermal: ThermalModel initialized with ambient temperature 20.0°C
2025-06-26 13:53:59,408 [INFO] simulation.physics.integrated_loss_model: IntegratedLossModel initialized with comprehensive loss and thermal modeling
2025-06-26 13:53:59,424 [DEBUG] simulation.physics.thermal: Added thermal component: sprocket
2025-06-26 13:53:59,440 [DEBUG] simulation.physics.thermal: Added thermal component: gearbox
2025-06-26 13:53:59,440 [DEBUG] simulation.physics.thermal: Added thermal component: clutch
2025-06-26 13:53:59,455 [DEBUG] simulation.physics.thermal: Added thermal component: flywheel
2025-06-26 13:53:59,455 [DEBUG] simulation.physics.thermal: Added thermal component: generator
2025-06-26 13:53:59,455 [INFO] simulation.physics.integrated_loss_model: Initialized 5 thermal components
2025-06-26 13:53:59,471 [INFO] simulation.physics.integrated_loss_model: Created standard KPP enhanced loss model with ambient temperature 20.0°C
2025-06-26 13:53:59,486 [INFO] simulation.control.startup_controller: StartupController initialized
2025-06-26 13:53:59,502 [INFO] simulation.control.emergency_response: EmergencyResponseSystem initialized
2025-06-26 13:53:59,502 [INFO] simulation.control.grid_disturbance_handler: GridDisturbanceHandler initialized
2025-06-26 13:53:59,518 [INFO] simulation.control.transient_event_controller: TransientEventController initialized
2025-06-26 13:53:59,518 [INFO] simulation.components.drivetrain: Initialized Drivetrain with detailed physics.
2025-06-26 13:53:59,533 [INFO] simulation.components.advanced_generator: Advanced generator initialized: 530kW, 375.0RPM, 4 pole pairs
2025-06-26 13:53:59,533 [INFO] simulation.components.floater: Initialized Floater: {'volume': 0.3, 'mass': 18.0, 'position': 0.0, 'velocity': 0.0, 'is_filled': False, 'fill_progress': 0.0}
2025-06-26 13:53:59,549 [DEBUG] simulation.components.floater: Added mass initialized: 5.0
2025-06-26 13:53:59,549 [INFO] simulation.components.floater: Initialized Floater: {'volume': 0.3, 'mass': 18.0, 'position': 0.0, 'velocity': 0.0, 'is_filled': False, 'fill_progress': 0.0}
2025-06-26 13:53:59,549 [DEBUG] simulation.components.floater: Added mass initialized: 5.0
2025-06-26 13:53:59,565 [INFO] simulation.components.floater: Initialized Floater: {'volume': 0.3, 'mass': 18.0, 'position': 0.0, 'velocity': 0.0, 'is_filled': False, 'fill_progress': 0.0}
2025-06-26 13:53:59,580 [DEBUG] simulation.components.floater: Added mass initialized: 5.0
2025-06-26 13:53:59,580 [INFO] simulation.components.floater: Initialized Floater: {'volume': 0.3, 'mass': 18.0, 'position': 0.0, 'velocity': 0.0, 'is_filled': False, 'fill_progress': 0.0}
2025-06-26 13:53:59,580 [DEBUG] simulation.components.floater: Added mass initialized: 5.0
2025-06-26 13:53:59,596 [INFO] simulation.components.floater: Initialized Floater: {'volume': 0.3, 'mass': 18.0, 'position': 0.0, 'velocity': 0.0, 'is_filled': False, 'fill_progress': 0.0}
2025-06-26 13:53:59,596 [DEBUG] simulation.components.floater: Added mass initialized: 5.0
2025-06-26 13:53:59,611 [INFO] simulation.components.floater: Initialized Floater: {'volume': 0.3, 'mass': 18.0, 'position': 0.0, 'velocity': 0.0, 'is_filled': False, 'fill_progress': 0.0}
2025-06-26 13:53:59,611 [DEBUG] simulation.components.floater: Added mass initialized: 5.0
2025-06-26 13:53:59,627 [INFO] simulation.components.floater: Initialized Floater: {'volume': 0.3, 'mass': 18.0, 'position': 0.0, 'velocity': 0.0, 'is_filled': False, 'fill_progress': 0.0}
2025-06-26 13:53:59,627 [DEBUG] simulation.components.floater: Added mass initialized: 5.0
2025-06-26 13:53:59,643 [INFO] simulation.components.floater: Initialized Floater: {'volume': 0.3, 'mass': 18.0, 'position': 0.0, 'velocity': 0.0, 'is_filled': False, 'fill_progress': 0.0}
2025-06-26 13:53:59,643 [DEBUG] simulation.components.floater: Added mass initialized: 5.0
2025-06-26 13:53:59,658 [INFO] simulation.components.control: Control system initialized.
2025-06-26 13:53:59,658 [INFO] simulation.components.sensors: Sensors module initialized.
2025-06-26 13:53:59,658 [INFO] simulation.components.gearbox: Created KPP gearbox with overall ratio: 39.4:1, efficiency: 0.885
2025-06-26 13:53:59,674 [INFO] simulation.engine: SimulationEngine initialized with integrated drivetrain system.
2025-06-26 13:53:59,674 [INFO] simulation.grid_services.economic.market_interface: Market interface initialized for operator generic
2025-06-26 13:53:59,690 [INFO] simulation.grid_services.economic.bidding_strategy: Bidding strategy initialized with balanced strategy
2025-06-26 13:53:59,690 [INFO] simulation.components.chain: Chain initialized: radius=0.5m, length=20.0m
2025-06-26 13:53:59,705 [INFO] simulation.components.fluid: Fluid system initialized - Base density: 1000.0 kg/mł, Temperature: 293.15 K, H1 active: False
2025-06-26 13:53:59,705 [INFO] simulation.components.thermal: Thermal model initialized - Water temp: 293.1 K, H2 active: False, efficiency: 80.0%
2025-06-26 13:53:59,705 [INFO] simulation.engine: Chain, Fluid, and Thermal systems initialized
2025-06-26 13:54:00,044 [INFO] simulation.pneumatics.thermodynamics: ThermodynamicProperties initialized
2025-06-26 13:54:00,060 [INFO] simulation.pneumatics.thermodynamics: ThermodynamicProperties initialized
2025-06-26 13:54:00,060 [INFO] simulation.pneumatics.thermodynamics: CompressionThermodynamics initialized
2025-06-26 13:54:00,060 [INFO] simulation.pneumatics.thermodynamics: ThermodynamicProperties initialized
2025-06-26 13:54:00,075 [INFO] simulation.pneumatics.thermodynamics: ExpansionThermodynamics initialized (water temp: 293.1K)
2025-06-26 13:54:00,075 [INFO] simulation.pneumatics.thermodynamics: ThermodynamicProperties initialized
2025-06-26 13:54:00,075 [INFO] simulation.pneumatics.thermodynamics: ThermalBuoyancyCalculator initialized
2025-06-26 13:54:00,091 [INFO] simulation.pneumatics.thermodynamics: AdvancedThermodynamics initialized (water: 293.1K, mode: mixed)
2025-06-26 13:54:00,154 [INFO] simulation.pneumatics.heat_exchange: HeatTransferCoefficients initialized
2025-06-26 13:54:00,154 [INFO] simulation.pneumatics.heat_exchange: Air-water heat exchange initialized (area: 0.50 m˛)
2025-06-26 13:54:00,169 [INFO] simulation.pneumatics.heat_exchange: HeatTransferCoefficients initialized
2025-06-26 13:54:00,169 [INFO] simulation.pneumatics.heat_exchange: Compression heat recovery initialized
2025-06-26 13:54:00,169 [INFO] simulation.pneumatics.heat_exchange: Integrated heat exchange system initialized
2025-06-26 13:54:00,169 [INFO] simulation.pneumatics.pneumatic_coordinator: PneumaticControlCoordinator initialized: thermodynamics=True, optimization=True
2025-06-26 13:54:00,169 [INFO] simulation.pneumatics.pneumatic_coordinator: Created standard KPP pneumatic control coordinator
2025-06-26 13:54:00,169 [INFO] simulation.pneumatics.energy_analysis: EnergyAnalyzer initialized: window=60.0s, rate=10.0Hz
2025-06-26 13:54:00,169 [INFO] simulation.pneumatics.energy_analysis: Created standard energy analyzer for KPP pneumatic system
2025-06-26 13:54:00,169 [INFO] simulation.pneumatics.performance_metrics: PerformanceAnalyzer initialized: rated_power=4200.0W, baseline_eff=0.800
2025-06-26 13:54:00,169 [INFO] simulation.pneumatics.performance_metrics: Created standard performance analyzer for KPP pneumatic system
2025-06-26 13:54:00,169 [INFO] simulation.engine: Pneumatic coordinator and performance analysis systems initialized
2025-06-26 13:54:00,169 [INFO] simulation.physics.physics_engine: PhysicsEngine (Stage 2) initialized with dt=0.1s, adaptive_timestep=False
2025-06-26 13:54:00,200 [INFO] simulation.physics.advanced_event_handler: AdvancedEventHandler initialized: depth=10.0m, adaptive_pressure=True
2025-06-26 13:54:00,200 [INFO] simulation.optimization.real_time_optimizer: RealTimeOptimizer initialized: target_fps=10.0, frame_time=0.100s
2025-06-26 13:54:00,200 [INFO] simulation.monitoring.real_time_monitor: Added monitor high_velocity: v_chain greater 8.0
2025-06-26 13:54:00,200 [INFO] simulation.monitoring.real_time_monitor: Added monitor high_acceleration: a_chain greater 40.0
2025-06-26 13:54:00,200 [INFO] simulation.monitoring.real_time_monitor: Added monitor low_efficiency: efficiency less 0.3
2025-06-26 13:54:00,200 [INFO] simulation.monitoring.real_time_monitor: Added monitor low_fps: metadata.fps less 5.0
2025-06-26 13:54:00,216 [INFO] simulation.monitoring.real_time_monitor: Added monitor high_computation_time: metadata.computation_time greater 0.2
2025-06-26 13:54:00,216 [INFO] simulation.monitoring.real_time_monitor: Added monitor stability_critical: metadata.stability_score less 0.5
2025-06-26 13:54:00,216 [INFO] simulation.monitoring.real_time_monitor: Added monitor validation_failures: metadata.validation_failures greater 5
2025-06-26 13:54:00,216 [INFO] simulation.monitoring.real_time_monitor: Registered recovery strategy for numerical_instability
2025-06-26 13:54:00,216 [INFO] simulation.monitoring.real_time_monitor: Registered recovery strategy for performance_degradation
2025-06-26 13:54:00,216 [INFO] simulation.monitoring.real_time_monitor: RealTimeController initialized
2025-06-26 13:54:00,216 [INFO] simulation.monitoring.real_time_monitor: Streaming configured: enabled=True, rate=10.0Hz, compression=False
2025-06-26 13:54:00,216 [INFO] simulation.monitoring.real_time_monitor: Performance mode set to balanced
2025-06-26 13:54:00,216 [INFO] simulation.engine: Real-time optimization initialized: target_fps=10.0, mode=balanced
2025-06-26 13:54:00,232 [INFO] simulation.physics.state_synchronizer: StateSynchronizer initialized
2025-06-26 13:54:00,232 [INFO] simulation.engine: Enhanced physics engine, advanced event handler, and state synchronizer initialized
2025-06-26 13:54:00,247 [INFO] simulation.engine: Stage 2 features: adaptive_pressure=True, efficiency_target=0.4
2025-06-26 13:54:00,247 [INFO] simulation.components.drivetrain: Drivetrain state has been reset.
2025-06-26 13:54:00,247 [INFO] simulation.components.advanced_generator: Advanced generator state reset
2025-06-26 13:54:00,247 [INFO] simulation.components.power_electronics: Power electronics system reset
2025-06-26 13:54:00,247 [INFO] simulation.components.integrated_electrical_system: Integrated electrical system reset
2025-06-26 13:54:00,247 [INFO] simulation.control.timing_controller: TimingController reset
2025-06-26 13:54:00,247 [INFO] simulation.control.load_manager: LoadManager reset
2025-06-26 13:54:00,247 [INFO] simulation.control.grid_stability_controller: GridStabilityController reset
2025-06-26 13:54:00,247 [INFO] simulation.control.fault_detector: FaultDetector reset
2025-06-26 13:54:00,263 [INFO] simulation.control.integrated_control_system: IntegratedControlSystem reset
2025-06-26 13:54:00,263 [INFO] simulation.physics.losses: DrivetrainLosses state reset
2025-06-26 13:54:00,263 [INFO] simulation.physics.thermal: ThermalModel state reset
2025-06-26 13:54:00,263 [INFO] simulation.physics.integrated_loss_model: IntegratedLossModel reset
2025-06-26 13:54:00,263 [INFO] simulation.control.transient_event_controller: TransientEventController reset
2025-06-26 13:54:00,263 [INFO] simulation.control.startup_controller: StartupController reset
2025-06-26 13:54:00,263 [INFO] simulation.control.emergency_response: EmergencyResponseSystem reset
2025-06-26 13:54:00,263 [INFO] simulation.control.grid_disturbance_handler: GridDisturbanceHandler reset
2025-06-26 13:54:00,263 [INFO] simulation.components.advanced_generator: Advanced generator state reset
2025-06-26 13:54:00,263 [INFO] simulation.components.pneumatics: PneumaticSystem state has been reset.
2025-06-26 13:54:00,263 [INFO] simulation.components.floater: Floater state has been reset.
2025-06-26 13:54:00,279 [INFO] simulation.components.floater: Floater state has been reset.
2025-06-26 13:54:00,279 [INFO] simulation.components.floater: Floater state has been reset.
2025-06-26 13:54:00,279 [INFO] simulation.components.floater: Floater state has been reset.
2025-06-26 13:54:00,279 [INFO] simulation.components.floater: Floater state has been reset.
2025-06-26 13:54:00,279 [INFO] simulation.components.floater: Floater state has been reset.
2025-06-26 13:54:00,279 [INFO] simulation.components.floater: Floater state has been reset.
2025-06-26 13:54:00,279 [INFO] simulation.components.floater: Floater state has been reset.
2025-06-26 13:54:00,279 [INFO] simulation.engine: Floaters initialized for calibrated startup: ascending side buoyant, descending side drawing, one ready for injection.
2025-06-26 13:54:00,279 [INFO] simulation.components.pneumatics: Triggered injection for a floater. Tank pressure dropped to 3.50 bar.
2025-06-26 13:54:00,279 [INFO] simulation.engine: Simulation engine has been reset.
2025-06-26 13:54:02,046 [INFO] app: Request Headers: User-Agent: Werkzeug/3.1.3
Host: localhost


2025-06-26 13:54:02,077 [INFO] app: Request Body: b''
2025-06-26 13:54:02,108 [INFO] app: Response Status: 200 OK
2025-06-26 13:54:02,139 [INFO] app: Response Headers: Content-Type: application/json
Content-Length: 1553


